C51 COMPILER V9.60.7.0   MAIN                                                              09/07/2024 16:33:02 PAGE 1   


C51 COMPILER V9.60.7.0, COMPILATION OF MODULE MAIN
OBJECT MODULE PLACED IN .\Objects\main.obj
COMPILER INVOKED BY: C:\hoc\8051\Keil_C_v5\C51\BIN\C51.EXE main.c OPTIMIZE(8,SPEED) BROWSE DEBUG OBJECTEXTEND PRINT(.\Li
                    -stings\main.lst) TABS(2) OBJECT(.\Objects\main.obj)

line level    source

   1          //nhap nhay toan bo led
   2          
   3          #include <REGX52.H>
   4          
   5          void Delay_ms(unsigned int t)
   6          {
   7   1        unsigned int x,y;
   8   1        for(x=0; x<t; x++)
   9   1        {
  10   2          for(y=0;y<123;y++);
  11   2        }
  12   1      }
  13          void main()
  14          {
  15   1        while(1)
  16   1        {
  17   2          P2 = ~P2;     // dao trang thai led o port 2
  18   2          Delay_ms(500);// Delay 500ms
  19   2        }
  20   1      }


MODULE INFORMATION:   STATIC OVERLAYABLE
   CODE SIZE        =     44    ----
   CONSTANT SIZE    =   ----    ----
   XDATA SIZE       =   ----    ----
   PDATA SIZE       =   ----    ----
   DATA SIZE        =   ----    ----
   IDATA SIZE       =   ----    ----
   BIT SIZE         =   ----    ----
END OF MODULE INFORMATION.


C51 COMPILATION COMPLETE.  0 WARNING(S),  0 ERROR(S)
