C51 COMPILER V9.60.7.0   MAIN                                                              09/07/2024 16:27:52 PAGE 1   


C51 COMPILER V9.60.7.0, COMPILATION OF MODULE MAIN
OBJECT MODULE PLACED IN .\Objects\main.obj
COMPILER INVOKED BY: C:\hoc\8051\Keil_C_v5\C51\BIN\C51.EXE main.c OPTIMIZE(8,SPEED) BROWSE DEBUG OBJECTEXTEND PRINT(.\Li
                    -stings\main.lst) TABS(2) OBJECT(.\Objects\main.obj)

line level    source

   1          // nhap nhay 1 led o chan bat ky 
   2          
   3          #include <REGX52.H>
   4          
   5          void Delay_ms(unsigned int t) //tao ham delay_ms
   6          {
   7   1        unsigned int x, y;
   8   1        for(x=0; x<t; x++)
   9   1        {
  10   2          for(y=0; y<123; y++);
  11   2        }
  12   1      }
  13          
  14          void main()
  15          {
  16   1        while(1)
  17   1        {
  18   2          P2_1=!P2_1; // dao trang thai led o chan P2_1
  19   2          Delay_ms(500); // Delay 500ms 
  20   2        }
  21   1        
  22   1      }


MODULE INFORMATION:   STATIC OVERLAYABLE
   CODE SIZE        =     43    ----
   CONSTANT SIZE    =   ----    ----
   XDATA SIZE       =   ----    ----
   PDATA SIZE       =   ----    ----
   DATA SIZE        =   ----    ----
   IDATA SIZE       =   ----    ----
   BIT SIZE         =   ----    ----
END OF MODULE INFORMATION.


C51 COMPILATION COMPLETE.  0 WARNING(S),  0 ERROR(S)
