C51 COMPILER V9.60.7.0   MAIN                                                              09/07/2024 18:25:42 PAGE 1   


C51 COMPILER V9.60.7.0, COMPILATION OF MODULE MAIN
OBJECT MODULE PLACED IN .\Objects\main.obj
COMPILER INVOKED BY: C:\hoc\8051\Keil_C_v5\C51\BIN\C51.EXE main.c OPTIMIZE(8,SPEED) BROWSE DEBUG OBJECTEXTEND PRINT(.\Li
                    -stings\main.lst) TABS(2) OBJECT(.\Objects\main.obj)

line level    source

   1          #include"main.h"
   2          #include "C:\hoc\8051\bai_tap\Library\Delay\Delay.h"
   3          
   4          sbit K1 = P3^1;
   5          
   6          void main()
   7          {
   8   1        unsigned int cnt = 0;
   9   1        while(1)
  10   1        {
  11   2          if(K1 == 0 )
  12   2          {
  13   3            Delay_ms(20);
  14   3            while(K1==0); //cho cho den khi nguoi dung nha phim ra
  15   3            cnt++;
  16   3            if(cnt%2==0)
  17   3            {
  18   4              P2_0 = 1;
  19   4            }
  20   3            else
  21   3            {
  22   4              P2_0 = 0;
  23   4            }
  24   3          }
  25   2        }
  26   1      }


MODULE INFORMATION:   STATIC OVERLAYABLE
   CODE SIZE        =     37    ----
   CONSTANT SIZE    =   ----    ----
   XDATA SIZE       =   ----    ----
   PDATA SIZE       =   ----    ----
   DATA SIZE        =   ----       2
   IDATA SIZE       =   ----    ----
   BIT SIZE         =   ----    ----
END OF MODULE INFORMATION.


C51 COMPILATION COMPLETE.  0 WARNING(S),  0 ERROR(S)
