C51 COMPILER V9.60.7.0   MAIN                                                              09/08/2024 15:54:04 PAGE 1   


C51 COMPILER V9.60.7.0, COMPILATION OF MODULE MAIN
OBJECT MODULE PLACED IN .\Objects\main.obj
COMPILER INVOKED BY: C:\hoc\8051\Keil_C_v5\C51\BIN\C51.EXE main.c OPTIMIZE(8,SPEED) BROWSE DEBUG OBJECTEXTEND PRINT(.\Li
                    -stings\main.lst) TABS(2) OBJECT(.\Objects\main.obj)

line level    source

   1          //doc gia tri ADC hien thi len man hinh LCD
   2          #include "main.h"
   3          #include "C:\hoc\8051\bai_tap\Library\Delay\Delay.h"
   4          #include "Port.h"
   5          #include "C:\hoc\8051\bai_tap\Library\LCD16x2_4bit\LCD4.h"
   6          #include "C:\hoc\8051\bai_tap\Library\XPT2046\XPT2046.h"
   7          #include "String.h"
   8          
   9          void main()
  10          {
  11   1        unsigned int adc_value, voltage;
  12   1        LCD_RW = 0; // khoi tao LCD che do ghi (khai bao dong nay truoc Lcd_Init()
  13   1        Lcd_Init(); // khoi tao LCD
  14   1      
  15   1        while(1)
  16   1        { 
  17   2          // doc gia tri ADC
  18   2          adc_value = Read_AD_Data(0x94);     //AIN0 doc gia tri tu triet ap AD1 tren bo kit8051 pro
  19   2        //  adc_value = Read_AD_Data(0xD4);   //   AIN1
  20   2        //  adc_value = Read_AD_Data(0xA4);   //   AIN2 
  21   2        //  adc_value = Read_AD_Data(0xE4);   //   AIN3
  22   2          Lcd_Out(1,1,"ADC value: ");
  23   2          Lcd_Chr_Cp(adc_value/1000 + 0x30);
  24   2          Lcd_Chr_Cp(adc_value%1000/100 + 0x30);
  25   2          Lcd_Chr_Cp(adc_value%100/10 + 0x30);
  26   2          Lcd_Chr_Cp(adc_value%10 + 0x30);
  27   2          
  28   2          // doc gia tri voltage
  29   2          /* do phan giai cua ADC la 2^12 => V = adc_value*(5.0/4095)*1000     */
  30   2          
  31   2          voltage = (unsigned int)(adc_value*(5.0/4095)*1000);
  32   2          Lcd_Out(2,1,"voltage: ");
  33   2          Lcd_Chr_Cp(voltage/1000 + 0x30);
  34   2          Lcd_Chr_Cp('.');
  35   2          Lcd_Chr_Cp(voltage%1000/100 + 0x30);
  36   2          Lcd_Chr_Cp(voltage%100/10 + 0x30);
  37   2          Lcd_Chr_Cp(voltage%10 + 0x30);
  38   2          
  39   2          Delay_ms(500); //delay tranh man hinh LCD nhap nhay lien tuc
  40   2        
  41   2        }
  42   1      }


MODULE INFORMATION:   STATIC OVERLAYABLE
   CODE SIZE        =    277    ----
   CONSTANT SIZE    =     22    ----
   XDATA SIZE       =   ----    ----
   PDATA SIZE       =   ----    ----
   DATA SIZE        =   ----       4
   IDATA SIZE       =   ----    ----
   BIT SIZE         =   ----    ----
END OF MODULE INFORMATION.


C51 COMPILATION COMPLETE.  0 WARNING(S),  0 ERROR(S)
