C51 COMPILER V9.60.7.0   XPT2046                                                           09/08/2024 15:54:04 PAGE 1   


C51 COMPILER V9.60.7.0, COMPILATION OF MODULE XPT2046
OBJECT MODULE PLACED IN .\Objects\XPT2046.obj
COMPILER INVOKED BY: C:\hoc\8051\Keil_C_v5\C51\BIN\C51.EXE ..\..\..\Library\XPT2046\XPT2046.c OPTIMIZE(8,SPEED) BROWSE D
                    -EBUG OBJECTEXTEND PRINT(.\Listings\XPT2046.lst) TABS(2) OBJECT(.\Objects\XPT2046.obj)

line level    source

   1          // khai bao chan ket noi cua ic chuyen doi tin hieu adc ET2046(XPT2046)
   2          //sbit DOUT = P3^7;   
   3          //sbit CLK  = P3^6;   
   4          //sbit DIN  = P3^4;   
   5          //sbit CS   = P3^5;  
   6          
   7          #include "C:\hoc\8051\bai_tap\Library\XPT2046\XPT2046.h"
   8          #include "Main.h"
   9          #include "Port.h"
  10          
  11          void SPI_Start(void)
  12          {
  13   1        CLK = 0;
  14   1        CS  = 1;
  15   1        DIN = 1;
  16   1        CLK = 1;
  17   1        CS  = 0;    
  18   1      }
  19          
  20          
  21          void SPI_Write(uchar dat)
  22          {
  23   1        uchar i;
  24   1        CLK = 0;
  25   1        for(i=0; i<8; i++)
  26   1        {
  27   2          DIN = dat >> 7;   
  28   2          dat <<= 1;
  29   2          CLK = 0;      
  30   2          CLK = 1;
  31   2      
  32   2        }
  33   1      }
  34          
  35          uint SPI_Read(void)
  36          {
  37   1        uint i, dat=0;
  38   1        CLK = 0;
  39   1        for(i=0; i<12; i++) 
  40   1        {
  41   2          dat <<= 1;
  42   2      
  43   2          CLK = 1;
  44   2          CLK = 0;
  45   2      
  46   2          dat |= DOUT;
  47   2      
  48   2        }
  49   1        return dat; 
  50   1      }
  51          
  52          uint Read_AD_Data(uchar cmd)
  53          {
  54   1        uchar i;
C51 COMPILER V9.60.7.0   XPT2046                                                           09/08/2024 15:54:04 PAGE 2   

  55   1        uint AD_Value;
  56   1        CLK = 0;
  57   1        CS  = 0;
  58   1        SPI_Write(cmd);
  59   1        for(i=6; i>0; i--); 
  60   1        CLK = 1;  
  61   1        _nop_();
  62   1        _nop_();
  63   1        CLK = 0;
  64   1        _nop_();
  65   1        _nop_();
  66   1        AD_Value=SPI_Read();
  67   1        CS = 1;
  68   1        return AD_Value;  
  69   1      }


MODULE INFORMATION:   STATIC OVERLAYABLE
   CODE SIZE        =    100    ----
   CONSTANT SIZE    =   ----    ----
   XDATA SIZE       =   ----    ----
   PDATA SIZE       =   ----    ----
   DATA SIZE        =   ----    ----
   IDATA SIZE       =   ----    ----
   BIT SIZE         =   ----    ----
END OF MODULE INFORMATION.


C51 COMPILATION COMPLETE.  0 WARNING(S),  0 ERROR(S)
