C51 COMPILER V9.60.7.0   MAIN                                                              09/12/2024 22:41:50 PAGE 1   


C51 COMPILER V9.60.7.0, COMPILATION OF MODULE MAIN
OBJECT MODULE PLACED IN .\Objects\main.obj
COMPILER INVOKED BY: C:\hoc\8051\Keil_C_v5\C51\BIN\C51.EXE main.c OPTIMIZE(8,SPEED) BROWSE DEBUG OBJECTEXTEND PRINT(.\Li
                    -stings\main.lst) TABS(2) OBJECT(.\Objects\main.obj)

line level    source

   1          // hien thi gia tri nhiet do tu cam bien DS18B20 len LCD
   2          
   3          #include "main.h"
   4          #include "C:\hoc\8051\bai_tap\Library\Delay\Delay.h"
   5          #include "C:\hoc\8051\bai_tap\Library\T0_Delay_us\T0_Delay_us.h"
   6          #include "C:\hoc\8051\bai_tap\Library\One Wire\OneWire.h"
   7          #include "C:\hoc\8051\bai_tap\Library\LCD16x2_4bit\LCD4.h"
   8          #include "port.h"
   9          
  10          // tap lenh cua cam bien DS18B20
  11          #define DS18B20_SKIP_ROM            0xCC //gui lenh den toan bo thiet bi (vi o day co 1 con DS18B20 nen su dung
             - SKIP ROM)
  12          #define DS18B20_CONVERT_T           0x44 // gui lenh chuyen doi nhiet do sang DS18B20
  13          #define DS18B20_READ_SCRATCHPAD     0xBE // gui lenh doc gia tri nhiet do tu trong thanh ghi SCRATCHPAD cua 
             -DS18B20 ra
  14          
  15          void main()
  16          {
  17   1        unsigned int temp;
  18   1        unsigned int int_part, decimal_part;
  19   1        
  20   1        // khoi tao LCD
  21   1        LCD_RW = 0;
  22   1        Lcd_Init();
  23   1        
  24   1        //thiet lap timer 0 mode 1 (Mode timer 16 bit) (phuc vu giao tiep One Wire)
  25   1        TMOD &= 0xF0; //xoa bo nho timer 0
  26   1        TMOD |= 0x01; //set cai dat timer 0 chay mode 1
  27   1        
  28   1        while(1)
  29   1        {
  30   2          // gui lenh chuyen doi nhiet do sang 
  31   2          while(OneWire_Reset());
  32   2          OneWire_Write_Byte(DS18B20_SKIP_ROM);
  33   2          OneWire_Write_Byte(DS18B20_CONVERT_T);
  34   2          
  35   2          Delay_ms(800); // thoi gian cho toi da de cam bien DS18B20 chuyen doi
  36   2          
  37   2          // doc ve gia tri nhiet do
  38   2          while(OneWire_Reset());
  39   2          OneWire_Write_Byte(DS18B20_SKIP_ROM);
  40   2          OneWire_Write_Byte(DS18B20_READ_SCRATCHPAD);
  41   2          
  42   2          //luu gia tri nhiet do vao bien temp
  43   2          temp = OneWire_Read_Byte();           // luu 8 bit thap vao bien temp
  44   2          temp = (OneWire_Read_Byte()<<8)|temp; // luu 8 bit cao va gop voi 8 bit thap de tao thanh bien 16 bit lu
             -u gia tri nhiet do
  45   2          
  46   2          //doc gia tri phan nguyen gia tri nhiet do
  47   2          int_part = temp >> 4;
  48   2          //doc gia tri thap phan cua nhiet do
  49   2          decimal_part = temp & 0x000F;       //lay gia tri thap phan dang nhi phan
  50   2          decimal_part = decimal_part*10/16;  // chuyen tu nhi phan sang thap phan
  51   2          
C51 COMPILER V9.60.7.0   MAIN                                                              09/12/2024 22:41:50 PAGE 2   

  52   2          
  53   2          //hien thi gia tri nhiet do len man hinh lcd
  54   2          Lcd_Out(1,1,"Nhiet do:");
  55   2          Lcd_Chr(1,11,int_part/10+0x30);
  56   2          Lcd_Chr_Cp(int_part%10+0x30);
  57   2          Lcd_Chr_Cp('.');
  58   2          Lcd_Chr_Cp(decimal_part+0x30);
  59   2          
  60   2          Delay_ms(500); // tao mot khoang delay de man hinh LCD khong bi chop tat lien tuc
  61   2        }
  62   1      }


MODULE INFORMATION:   STATIC OVERLAYABLE
   CODE SIZE        =    195    ----
   CONSTANT SIZE    =     10    ----
   XDATA SIZE       =   ----    ----
   PDATA SIZE       =   ----    ----
   DATA SIZE        =   ----       6
   IDATA SIZE       =   ----    ----
   BIT SIZE         =   ----    ----
END OF MODULE INFORMATION.


C51 COMPILATION COMPLETE.  0 WARNING(S),  0 ERROR(S)
