C51 COMPILER V9.60.7.0   ONEWIRE                                                           09/12/2024 22:41:50 PAGE 1   


C51 COMPILER V9.60.7.0, COMPILATION OF MODULE ONEWIRE
OBJECT MODULE PLACED IN .\Objects\OneWire.obj
COMPILER INVOKED BY: C:\hoc\8051\Keil_C_v5\C51\BIN\C51.EXE ..\..\..\Library\One Wire\OneWire.c OPTIMIZE(8,SPEED) BROWSE 
                    -DEBUG OBJECTEXTEND PRINT(.\Listings\OneWire.lst) TABS(2) OBJECT(.\Objects\OneWire.obj)

line level    source

   1          // khai bao chan ket noi one wire
   2          //sbit OneWire_PIN = P1^0;
   3          
   4          //thiet lap timer 0 mode 1 (Mode timer 16 bit) (phuc vu ket noi kieu One Wire)
   5          //TMOD &= 0xF0; //xoa bo nho timer 0
   6          //TMOD |= 0x01; //set cai dat timer 0 chay mode 1
   7          
   8          // tap lenh cua cam bien DS18B20
   9          //#define DS18B20_SKIP_ROM            0xCC //gui lenh den toan bo thiet bi (vi o day co 1 con DS18B20 nen su du
             -ng SKIP ROM)
  10          //#define DS18B20_CONVERT_T           0x44 // gui lenh chuyen doi nhiet do sang DS18B20
  11          //#define DS18B20_READ_SCRATCHPAD     0xBE // gui lenh doc gia tri nhiet do tu trong thanh ghi SCRATCHPAD cu
             -a DS18B20 ra
  12          
  13          #include "C:\hoc\8051\bai_tap\Library\T0_Delay_us\T0_Delay_us.h"
  14          #include "C:\hoc\8051\bai_tap\Library\One Wire\OneWire.h"
  15          #include "main.h"
  16          #include "port.h"
  17          
  18          // return 0: ok
  19          // return 1: fail
  20          unsigned char OneWire_Reset()
  21          {
  22   1        unsigned char result;
  23   1        
  24   1        OneWire_PIN = 0;
  25   1        T0_Delay_us(480);
  26   1        
  27   1        OneWire_PIN = 1;
  28   1        T0_Delay_us(70);
  29   1        
  30   1        result = OneWire_PIN;
  31   1        
  32   1        T0_Delay_us(410);
  33   1        
  34   1        return result;
  35   1      }
  36          
  37          // ghi bit 1
  38          void OneWire_Write1()
  39          {
  40   1        OneWire_PIN = 0;
  41   1        T0_Delay_us(6);
  42   1        
  43   1        OneWire_PIN = 1;
  44   1        T0_Delay_us(64);
  45   1      }
  46          
  47          //ghi bit 0
  48          void OneWire_Write0()
  49          {
  50   1        OneWire_PIN = 0;
  51   1        T0_Delay_us(60);
  52   1        
C51 COMPILER V9.60.7.0   ONEWIRE                                                           09/12/2024 22:41:50 PAGE 2   

  53   1        OneWire_PIN = 1;
  54   1        T0_Delay_us(10);
  55   1      }
  56          
  57          // ghi 1 trong 2 bit 0 hoac 1
  58          void OneWire_Write_Bit(unsigned char a)
  59          {
  60   1        if(a == 1)
  61   1        {
  62   2          OneWire_Write1();
  63   2        }
  64   1        else
  65   1        {
  66   2          OneWire_Write0();
  67   2        }
  68   1      }
  69          
  70          // gui di 1 byte
  71          void OneWire_Write_Byte(unsigned char b)
  72          {
  73   1        unsigned i=8;
  74   1        while(i--)
  75   1        {
  76   2          OneWire_Write_Bit(b&0x01);
  77   2          b>>=1;
  78   2        }
  79   1      }
  80          
  81          
  82          // doc ve 1 bit
  83          unsigned char OneWire_Read_Bit()
  84          {
  85   1        unsigned char result;
  86   1        
  87   1        OneWire_PIN = 0;
  88   1        T0_Delay_us(6);
  89   1        
  90   1        OneWire_PIN = 1;
  91   1        T0_Delay_us(9);
  92   1        
  93   1        result = OneWire_PIN;
  94   1        T0_Delay_us(55);
  95   1        
  96   1        return result;
  97   1      }
  98          
  99          // doc ve 1 byte
 100          unsigned char OneWire_Read_Byte()
 101          {
 102   1        unsigned char i = 8, result = 0;
 103   1        while(i--)
 104   1        {
 105   2          result >>= 1;
 106   2          result |= (OneWire_Read_Bit() << 7);
 107   2        }
 108   1        return result;
 109   1      }


MODULE INFORMATION:   STATIC OVERLAYABLE
   CODE SIZE        =    188    ----
   CONSTANT SIZE    =   ----    ----
C51 COMPILER V9.60.7.0   ONEWIRE                                                           09/12/2024 22:41:50 PAGE 3   

   XDATA SIZE       =   ----    ----
   PDATA SIZE       =   ----    ----
   DATA SIZE        =   ----       7
   IDATA SIZE       =   ----    ----
   BIT SIZE         =   ----    ----
END OF MODULE INFORMATION.


C51 COMPILATION COMPLETE.  0 WARNING(S),  0 ERROR(S)
