C51 COMPILER V9.60.7.0   T0_DELAY_US                                                       09/12/2024 22:41:50 PAGE 1   


C51 COMPILER V9.60.7.0, COMPILATION OF MODULE T0_DELAY_US
OBJECT MODULE PLACED IN .\Objects\T0_Delay_us.obj
COMPILER INVOKED BY: C:\hoc\8051\Keil_C_v5\C51\BIN\C51.EXE ..\..\..\Library\T0_Delay_us\T0_Delay_us.c OPTIMIZE(8,SPEED) 
                    -BROWSE DEBUG OBJECTEXTEND PRINT(.\Listings\T0_Delay_us.lst) TABS(2) OBJECT(.\Objects\T0_Delay_us.obj)

line level    source

   1          //trong ham main.c cua code chinh
   2          //thiet lap timer 0 mode 1 (Mode timer 16 bit)
   3          //TMOD &= 0xF0; //xoa bo nho timer 0
   4          //TMOD |= 0x01; //set cai dat timer 0 chay mode 1
   5          
   6          
   7          #include "main.h"
   8          #include "C:\hoc\8051\bai_tap\Library\T0_Delay_us\T0_Delay_us.h"
   9          
  10          void T0_Delay_us(unsigned int t)  // tao delay us bang Timer 0 voi moi lan dem 1 bit la 1us
  11          {
  12   1        unsigned int load_value;
  13   1        load_value = 65536 - t;
  14   1        TH0 = load_value >> 8;
  15   1        TL0 = load_value & 0x00FF;
  16   1        TR0 = 1; // bat dau dem
  17   1        while(!TF0); // cho den khi dem xong bao tran
  18   1        TR0 = 0; // ngung dem
  19   1        TF0 = 0; // tat co bao tran
  20   1      }


MODULE INFORMATION:   STATIC OVERLAYABLE
   CODE SIZE        =     21    ----
   CONSTANT SIZE    =   ----    ----
   XDATA SIZE       =   ----    ----
   PDATA SIZE       =   ----    ----
   DATA SIZE        =   ----    ----
   IDATA SIZE       =   ----    ----
   BIT SIZE         =   ----    ----
END OF MODULE INFORMATION.


C51 COMPILATION COMPLETE.  0 WARNING(S),  0 ERROR(S)
