C51 COMPILER V9.60.7.0   MAIN                                                              09/05/2024 10:29:55 PAGE 1   


C51 COMPILER V9.60.7.0, COMPILATION OF MODULE MAIN
OBJECT MODULE PLACED IN .\Objects\main.obj
COMPILER INVOKED BY: C:\hoc\8051\Keil_C_v5\C51\BIN\C51.EXE main.c OPTIMIZE(8,SPEED) BROWSE DEBUG OBJECTEXTEND PRINT(.\Li
                    -stings\main.lst) TABS(2) OBJECT(.\Objects\main.obj)

line level    source

   1          #include <REGX52.H>
   2          
   3          sbit PWM_pin = P2^0;
   4          
   5          unsigned int T, Ton, Toff;
   6          unsigned char Ton_TH0_reload, Ton_TL0_reload, Toff_TH0_reload, Toff_TL0_reload;
   7          
   8          // ck(us)
   9          void PWM_Init(unsigned int ck) // khoi tao PWM voi chu ky tu chon (us)
  10          {
  11   1        PWM_pin = 1;
  12   1        // khoi tao T0 mode 1: 16bit
  13   1        TMOD &= 0xF0;
  14   1        TMOD |= 0x01;
  15   1        
  16   1        EA = 1; //cho phep ngat toan cuc
  17   1        ET0 = 1; //cho phep ngat T0
  18   1        
  19   1        T = ck; //luu gia tri chu ky vao bien T
  20   1      }
  21          
  22          // D tu 0 den 100
  23          void PWM_SetDuty(unsigned char D) // set do rong xung %
  24          { 
  25   1        if(D == 0)
  26   1        {
  27   2          PWM_pin = 0;
  28   2          ET0 = 0; // T0 ngung dem
  29   2        }
  30   1        else if(D == 100)
  31   1        {
  32   2          PWM_pin = 1;
  33   2          ET0 = 0; // T0 ngung dem
  34   2        }
  35   1        else
  36   1        {
  37   2          Ton = T*((unsigned long)D)/100;
  38   2          Toff = T - Ton;
  39   2          
  40   2          // luu gia tri Ton vao bien Ton_TH0_reload va bien Ton_TL0_reload
  41   2          Ton_TH0_reload = (65536 - Ton) >> 8; //luu vao 8 bit cao 
  42   2          Ton_TL0_reload = (65536 - Ton) & 0x00FF; // luu vao 8 bit thap 
  43   2          
  44   2          // luu gia tri Toff vao bien Toff_TH0_reload va bien Toff_TL0_reload
  45   2          Toff_TH0_reload = (65536 - Toff) >> 8;   // luu vao 8 bit cao
  46   2          Toff_TL0_reload = (65536 - Toff) & 0x00FF; // luu vao 8 bit thap
  47   2        }
  48   1      
  49   1      }
  50          
  51          void main()
  52          {
  53   1        PWM_Init(1000); // khoi tao PWM voi chu ky  1000us <=> 1ms
  54   1        PWM_SetDuty(70); // chon do rong xung la x% (x: const)
C51 COMPILER V9.60.7.0   MAIN                                                              09/05/2024 10:29:55 PAGE 2   

  55   1        TR0 = 1; //cho phep T0 bat dau dem
  56   1        while(1)
  57   1        {
  58   2        
  59   2        }
  60   1      }
  61          
  62          void Timer0_overflow() interrupt 1 // chuong trinh ngat T0
  63          {
  64   1        PWM_pin = !PWM_pin;
  65   1        if( PWM_pin == 0) 
  66   1        {
  67   2          // luu gia tri Toff vao thanh ghi TH0 va TL0
  68   2          TH0 = Toff_TH0_reload; 
  69   2          TL0 = Toff_TL0_reload;
  70   2        }
  71   1        else if(PWM_pin == 1)
  72   1        {
  73   2          // luu gia tri Ton vao thanh ghi TH0 va TL0
  74   2          TH0 = Ton_TH0_reload;
  75   2          TL0 = Ton_TL0_reload;
  76   2        }
  77   1        
  78   1      }


MODULE INFORMATION:   STATIC OVERLAYABLE
   CODE SIZE        =    177    ----
   CONSTANT SIZE    =   ----    ----
   XDATA SIZE       =   ----    ----
   PDATA SIZE       =   ----    ----
   DATA SIZE        =     10    ----
   IDATA SIZE       =   ----    ----
   BIT SIZE         =   ----    ----
END OF MODULE INFORMATION.


C51 COMPILATION COMPLETE.  0 WARNING(S),  0 ERROR(S)
