C51 COMPILER V9.60.7.0   MAIN                                                              09/12/2024 21:52:58 PAGE 1   


C51 COMPILER V9.60.7.0, COMPILATION OF MODULE MAIN
OBJECT MODULE PLACED IN .\Objects\main.obj
COMPILER INVOKED BY: C:\hoc\8051\Keil_C_v5\C51\BIN\C51.EXE main.c OPTIMIZE(8,SPEED) BROWSE DEBUG OBJECTEXTEND PRINT(.\Li
                    -stings\main.lst) TABS(2) OBJECT(.\Objects\main.obj)

line level    source

   1          //hien thi gia tri nhiet do tu cam bien DS18B20 len led 7 doan kit 8051 pro
   2          
   3          #include "main.h"
   4          #include "C:\hoc\8051\bai_tap\Library\Delay\Delay.h"
   5          #include "C:\hoc\8051\bai_tap\Library\T0_Delay_us\T0_Delay_us.h"
   6          #include "C:\hoc\8051\bai_tap\Library\One Wire\OneWire.h"
   7          #include "port.h"
   8          
   9          #define DS18B20_SKIP_ROM            0xCC //gui lenh den toan bo thiet bi (vi o day co 1 con DS18B20 nen su dung
             - SKIP ROM)
  10          #define DS18B20_CONVERT_T           0x44 // gui lenh chuyen doi nhiet do sang DS18B20
  11          #define DS18B20_READ_SCRATCHPAD     0xBE // gui lenh doc gia tri nhiet do tu trong thanh ghi SCRATCHPAD cua 
             -DS18B20 ra
  12          
  13          unsigned char code Code7Seg_ko_dau_cham[] = {
  14              0x3f, 0x06, 0x5b, 0x4f, 0x66, 0x6d, 0x7d, 0x07,
  15              0x7f, 0x6f, 0x77, 0x7c, 0x39, 0x5e, 0x79, 0x71
  16          }; // ma led 7 doan tu 0->9 và tu A->F
  17          
  18          unsigned char code Code7Seg_co_dau_cham[] = {0xBF, 0x86, 0xDB, 0xCF, 0xE6, 0xED, 0xFD, 0x87, 0xFF, 0xEF, 0
             -xF7, 0xFC, 0xB9, 0xDE, 0xF9, 0xF1};
  19          
  20          char DisplayData[8]; // mang tao du lieu cua 8 led 7 doan
  21          
  22          // quet led bang ic 74hc138
  23          void DigDisplay()
  24          {
  25   1        unsigned char i;
  26   1        for(i = 0; i < 8; i++)
  27   1        {
  28   2          switch(i)
  29   2          {
  30   3            case(0):
  31   3                LSA = 0; LSB = 0; LSC = 0; break;
  32   3            case(1):
  33   3                LSA = 1; LSB = 0; LSC = 0; break;
  34   3            case(2):
  35   3                LSA = 0; LSB = 1; LSC = 0; break;
  36   3            case(3):
  37   3                LSA = 1; LSB = 1; LSC = 0; break;
  38   3            case(4):
  39   3                LSA = 0; LSB = 0; LSC = 1; break;
  40   3            case(5):
  41   3                LSA = 1; LSB = 0; LSC = 1; break;
  42   3            case(6):
  43   3                LSA = 0; LSB = 1; LSC = 1; break;
  44   3            case(7):
  45   3                LSA = 1; LSB = 1; LSC = 1; break;
  46   3          }
  47   2          //quet led
  48   2          GPIO_DIG = DisplayData[i];
  49   2          Delay_ms(1);
  50   2          GPIO_DIG = 0x00;
  51   2        }
C51 COMPILER V9.60.7.0   MAIN                                                              09/12/2024 21:52:58 PAGE 2   

  52   1      }
  53          
  54          void main()
  55          {
  56   1        unsigned int delay_counter  = 5000;
  57   1        unsigned int temp;
  58   1        unsigned char int_part, decimal_part;
  59   1        //thiet lap timer 0 mode 1 (Mode timer 16 bit)
  60   1        TMOD &= 0xF0; //xoa bo nho timer 0
  61   1        TMOD |= 0x01; //set cai dat timer 0 chay mode 1
  62   1        
  63   1        while(1)
  64   1        {
  65   2          if(++delay_counter > 1000)  //sau moi 1000 lan dem se cap nhat gia tri 1 lan
  66   2          {
  67   3            // gui lenh chuyen doi sang DS18B20
  68   3            while(OneWire_Reset());
  69   3            OneWire_Write_Byte(DS18B20_SKIP_ROM);
  70   3            OneWire_Write_Byte(DS18B20_CONVERT_T);
  71   3            
  72   3            Delay_ms(800);
  73   3            
  74   3            //gui lenh doc gia tri tu DS18B20 ve
  75   3            while(OneWire_Reset());
  76   3            OneWire_Write_Byte(DS18B20_SKIP_ROM);
  77   3            OneWire_Write_Byte(DS18B20_READ_SCRATCHPAD);
  78   3            
  79   3            //lay gia tri nhiet do luu vao bien temp
  80   3            temp = OneWire_Read_Byte();                 // lay 8 bit thap
  81   3            temp = (OneWire_Read_Byte()<<8) | temp;   // lay 8 bit cao ghep voi 8 bit thap luu vao bien temp
  82   3            
  83   3            //lay gia tri nguyen cua nhiet do
  84   3            int_part = temp >> 4;         
  85   3            //lay gia tri thap phan cua nhiet do
  86   3            decimal_part = temp & 0x000F;   
  87   3            decimal_part = decimal_part*10/16;    //doi gia tri tu he 2 sang he 10
  88   3            
  89   3            // doc gia tri nhiet do luu vao mang DisplayData de quet led
  90   3            //hien thi do C
  91   3            DisplayData[2] = 0x39; //chu C
  92   3            DisplayData[3] = 0x63;  // dau nhiet do
  93   3            DisplayData[4]  = Code7Seg_ko_dau_cham[decimal_part]; //hien thi gia tri thap phan
  94   3            DisplayData[5] = Code7Seg_co_dau_cham[int_part%10]; //hien thi hang donvi
  95   3            DisplayData[6] = Code7Seg_ko_dau_cham[int_part/10]; //hien thi hang don vi
  96   3            
  97   3            delay_counter = 0;  // dat bien dem cap nhat gia tri ve 0
  98   3          }
  99   2      
 100   2          DigDisplay();// hien thi gia tri nhiet do len led 7 doan
 101   2        }
 102   1      }
 103            


MODULE INFORMATION:   STATIC OVERLAYABLE
   CODE SIZE        =    285    ----
   CONSTANT SIZE    =     32    ----
   XDATA SIZE       =   ----    ----
   PDATA SIZE       =   ----    ----
   DATA SIZE        =      8       5
   IDATA SIZE       =   ----    ----
   BIT SIZE         =   ----    ----
C51 COMPILER V9.60.7.0   MAIN                                                              09/12/2024 21:52:58 PAGE 3   

END OF MODULE INFORMATION.


C51 COMPILATION COMPLETE.  0 WARNING(S),  0 ERROR(S)
