C51 COMPILER V9.60.7.0   ONEWIRE                                                           09/12/2024 21:52:59 PAGE 1   


C51 COMPILER V9.60.7.0, COMPILATION OF MODULE ONEWIRE
OBJECT MODULE PLACED IN .\Objects\OneWire.obj
COMPILER INVOKED BY: C:\hoc\8051\Keil_C_v5\C51\BIN\C51.EXE ..\..\..\Library\One Wire\OneWire.c OPTIMIZE(8,SPEED) BROWSE 
                    -DEBUG OBJECTEXTEND PRINT(.\Listings\OneWire.lst) TABS(2) OBJECT(.\Objects\OneWire.obj)

line level    source

   1          // khai bao chan ket noi
   2          //sbit OneWire_PIN = P1^0;
   3          
   4          #include "C:\hoc\8051\bai_tap\Library\T0_Delay_us\T0_Delay_us.h"
   5          #include "C:\hoc\8051\bai_tap\Library\One Wire\OneWire.h"
   6          #include "main.h"
   7          #include "port.h"
   8          
   9          // return 0: ok
  10          // return 1: fail
  11          unsigned char OneWire_Reset()
  12          {
  13   1        unsigned char result;
  14   1        
  15   1        OneWire_PIN = 0;
  16   1        T0_Delay_us(480);
  17   1        
  18   1        OneWire_PIN = 1;
  19   1        T0_Delay_us(70);
  20   1        
  21   1        result = OneWire_PIN;
  22   1        
  23   1        T0_Delay_us(410);
  24   1        
  25   1        return result;
  26   1      }
  27          
  28          // ghi bit 1
  29          void OneWire_Write1()
  30          {
  31   1        OneWire_PIN = 0;
  32   1        T0_Delay_us(6);
  33   1        
  34   1        OneWire_PIN = 1;
  35   1        T0_Delay_us(64);
  36   1      }
  37          
  38          //ghi bit 0
  39          void OneWire_Write0()
  40          {
  41   1        OneWire_PIN = 0;
  42   1        T0_Delay_us(60);
  43   1        
  44   1        OneWire_PIN = 1;
  45   1        T0_Delay_us(10);
  46   1      }
  47          
  48          // ghi 1 trong 2 bit 0 hoac 1
  49          void OneWire_Write_Bit(unsigned char a)
  50          {
  51   1        if(a == 1)
  52   1        {
  53   2          OneWire_Write1();
  54   2        }
C51 COMPILER V9.60.7.0   ONEWIRE                                                           09/12/2024 21:52:59 PAGE 2   

  55   1        else
  56   1        {
  57   2          OneWire_Write0();
  58   2        }
  59   1      }
  60          
  61          // gui di 1 byte
  62          void OneWire_Write_Byte(unsigned char b)
  63          {
  64   1        unsigned i=8;
  65   1        while(i--)
  66   1        {
  67   2          OneWire_Write_Bit(b&0x01);
  68   2          b>>=1;
  69   2        }
  70   1      }
  71          
  72          
  73          // doc ve 1 bit
  74          unsigned char OneWire_Read_Bit()
  75          {
  76   1        unsigned char result;
  77   1        
  78   1        OneWire_PIN = 0;
  79   1        T0_Delay_us(6);
  80   1        
  81   1        OneWire_PIN = 1;
  82   1        T0_Delay_us(9);
  83   1        
  84   1        result = OneWire_PIN;
  85   1        T0_Delay_us(55);
  86   1        
  87   1        return result;
  88   1      }
  89          
  90          // doc ve 1 byte
  91          unsigned char OneWire_Read_Byte()
  92          {
  93   1        unsigned char i = 8, result = 0;
  94   1        while(i--)
  95   1        {
  96   2          result >>= 1;
  97   2          result |= (OneWire_Read_Bit() << 7);
  98   2        }
  99   1        return result;
 100   1      }


MODULE INFORMATION:   STATIC OVERLAYABLE
   CODE SIZE        =    188    ----
   CONSTANT SIZE    =   ----    ----
   XDATA SIZE       =   ----    ----
   PDATA SIZE       =   ----    ----
   DATA SIZE        =   ----       7
   IDATA SIZE       =   ----    ----
   BIT SIZE         =   ----    ----
END OF MODULE INFORMATION.


C51 COMPILATION COMPLETE.  0 WARNING(S),  0 ERROR(S)
