C51 COMPILER V9.60.7.0   MAIN                                                              08/30/2024 11:17:32 PAGE 1   


C51 COMPILER V9.60.7.0, COMPILATION OF MODULE MAIN
OBJECT MODULE PLACED IN .\Objects\main.obj
COMPILER INVOKED BY: C:\hoc\8051\Keil_C_v5\C51\BIN\C51.EXE main.c OPTIMIZE(8,SPEED) BROWSE DEBUG OBJECTEXTEND PRINT(.\Li
                    -stings\main.lst) TABS(2) OBJECT(.\Objects\main.obj)

line level    source

   1          #include "main.h"
   2          #include "C:\hoc\8051\bai_tap\Library\Delay\Delay.h"
   3          
   4          #define COMMONPORTS P0
   5          
   6          sbit IE74595_STCP = P3^5;     // RCK
   7          sbit IE74595_SHCP = P3^6;     // SRCLK
   8          sbit IE74595_DS = P3^4;       // SER
   9          
  10          unsigned char code LedMatrix_8x8_0[10][8] = { {0x00,0x00,0x7C,0xA2,0x92,0x8A,0x7C,0x00,}, // ma so 0 tren 
             -led ma tran
  11                                                        {0x00,0x00,0x00,0x02,0xFE,0x42,0x00,0x00,}, // ma so 1 tren led ma tran
  12                                                        {0x00,0x00,0x62,0x92,0x92,0x8A,0x46,0x00,}, // ma so 2 tren led ma tran
  13                                                        {0x00,0x00,0x6C,0x92,0x92,0x92,0x44,0x00,}, // ma so 3 tren led ma tran
  14                                                        {0x00,0x00,0x08,0xFE,0x48,0x28,0x18,0x00,}, // ma so 4 tren led ma tran
  15                                                        {0x00,0x00,0x8C,0x92,0x92,0x92,0xF4,0x00,}, // ma so 5 tren led ma tran
  16                                                        {0x00,0x00,0x0C,0x92,0x92,0x52,0x3C,0x00,}, // ma so 6 tren led ma tran
  17                                                        {0x00,0x00,0xC0,0xA0,0x90,0x8E,0x80,0x00,}, // ma so 7 tren led ma tran
  18                                                        {0x00,0x00,0x6C,0x92,0x92,0x92,0x6C,0x00,}, // ma so 8 tren led ma tran
  19                                                        {0x00,0x00,0x78,0x94,0x92,0x92,0x60,0x00,}, // ma so 9 tren led ma tran
  20                                                      };
  21          
  22          void IE74595_Out(unsigned char *p, unsigned char n)
  23          {
  24   1        unsigned int i, j, b;
  25   1        for(j = 0; j<n; j++)
  26   1        {
  27   2          b = *(p + n - j - 1); //Lay tu byte cao nhat den byte thap nhat
  28   2          for(i=0; i<8; i++)
  29   2          {
  30   3            IE74595_DS = b & (0x80>>i); // lay tung bit cua byte b gui ra DS, lay tu bit cao xuong bit thap
  31   3            
  32   3            // tao xung nhan du lieu
  33   3            IE74595_SHCP = 0;
  34   3            IE74595_SHCP = 1;
  35   3          }
  36   2        }
  37   1      
  38   1        // tao xung xuat du lieu
  39   1        IE74595_STCP = 0;
  40   1        IE74595_STCP = 1;
  41   1      }
  42          
  43          // dem so tu 0 den 9 va lap lai
  44          void main() 
  45          {
  46   1          unsigned int cnt,i,j;
  47   1          while (1) 
  48   1          {
  49   2            for(cnt = 0; cnt < 10; cnt++)
  50   2            {
  51   3              for(j=0 ; j<125; j++)     // sau 1 giay tang 1 so
  52   3              {
  53   4                for (i = 0; i < 8; i++) //quet led 
C51 COMPILER V9.60.7.0   MAIN                                                              08/30/2024 11:17:32 PAGE 2   

  54   4                {
  55   5                  IE74595_Out( &LedMatrix_8x8_0[cnt][i], 1); // Xuat du lieu cot cho hang i
  56   5                  P0 = ~(0x01 << i); // Kich hoat hang tuong ung (neu su dung common anode thi dung P0 = 0x01 << j)
  57   5                  Delay_ms(1); // Thay doi thoi gian delay neu can
  58   5                  P0 = 0xFF; // Tat het cac hang de tranh hien tuong ghosting
  59   5                }       
  60   4              }
  61   3            }
  62   2          }
  63   1      }
  64          
  65          


MODULE INFORMATION:   STATIC OVERLAYABLE
   CODE SIZE        =    250    ----
   CONSTANT SIZE    =     80    ----
   XDATA SIZE       =   ----    ----
   PDATA SIZE       =   ----    ----
   DATA SIZE        =   ----      14
   IDATA SIZE       =   ----    ----
   BIT SIZE         =   ----    ----
END OF MODULE INFORMATION.


C51 COMPILATION COMPLETE.  0 WARNING(S),  0 ERROR(S)
