C51 COMPILER V9.60.7.0   KEYPAD4X4                                                         08/30/2024 22:36:58 PAGE 1   


C51 COMPILER V9.60.7.0, COMPILATION OF MODULE KEYPAD4X4
OBJECT MODULE PLACED IN .\Objects\KeyPad4x4.obj
COMPILER INVOKED BY: C:\hoc\8051\Keil_C_v5\C51\BIN\C51.EXE ..\..\..\Library\KeyPad 4x4\KeyPad4x4.c OMF2 OPTIMIZE(8,SPEED
                    -) BROWSE DEBUG PRINT(.\Listings\KeyPad4x4.lst) TABS(2) OBJECT(.\Objects\KeyPad4x4.obj)

line level    source

   1          #include"Keypad4x4.h"
   2          #include"main.h"
   3          #include"port.h"
   4          
   5          unsigned char KeyPress()
   6          {
   7   1        unsigned char key = 0xFF;  // khoi tao 1 gia tri khong hop le de kiem tra
   8   1        
   9   1        // Kiem tra hang 4
  10   1        ROW_4 = 0;
  11   1        if(COL_4 == 0) key = 0;
  12   1        if(COL_3 == 0) key = 1;
  13   1        if(COL_2 == 0) key = 2;
  14   1        if(COL_1 == 0) key = 3;
  15   1        ROW_4 = 1;
  16   1      
  17   1        // Kiem tra hang 3
  18   1        ROW_3 = 0;
  19   1        if(COL_4 == 0) key = 7;
  20   1        if(COL_3 == 0) key = 6;
  21   1        if(COL_2 == 0) key = 5;
  22   1        if(COL_1 == 0) key = 4;
  23   1        ROW_3 = 1;
  24   1      
  25   1        // Kiem tra hang 4
  26   1        ROW_2 = 0;
  27   1        if(COL_4 == 0) key = 8;
  28   1        if(COL_3 == 0) key = 9;
  29   1        if(COL_2 == 0) key = 10;
  30   1        if(COL_1 == 0) key = 11;
  31   1        ROW_2 = 1;
  32   1      
  33   1        // Kiem tra hang 4
  34   1        ROW_1 = 0;
  35   1        if(COL_4 == 0) key = 15;
  36   1        if(COL_3 == 0) key = 14;
  37   1        if(COL_2 == 0) key = 13;
  38   1        if(COL_1 == 0) key = 12;
  39   1        ROW_1 = 1;
  40   1        
  41   1        return key; 
  42   1      }


MODULE INFORMATION:   STATIC OVERLAYABLE
   CODE SIZE        =     99    ----
   CONSTANT SIZE    =   ----    ----
   XDATA SIZE       =   ----    ----
   PDATA SIZE       =   ----    ----
   DATA SIZE        =   ----    ----
   IDATA SIZE       =   ----    ----
   BIT SIZE         =   ----    ----
   EDATA SIZE       =   ----    ----
   HDATA SIZE       =   ----    ----
C51 COMPILER V9.60.7.0   KEYPAD4X4                                                         08/30/2024 22:36:58 PAGE 2   

   XDATA CONST SIZE =   ----    ----
   FAR CONST SIZE   =   ----    ----
END OF MODULE INFORMATION.


C51 COMPILATION COMPLETE.  0 WARNING(S),  0 ERROR(S)
