C51 COMPILER V9.60.7.0   MAIN                                                              08/30/2024 22:36:57 PAGE 1   


C51 COMPILER V9.60.7.0, COMPILATION OF MODULE MAIN
OBJECT MODULE PLACED IN .\Objects\main.obj
COMPILER INVOKED BY: C:\hoc\8051\Keil_C_v5\C51\BIN\C51.EXE main.c OMF2 OPTIMIZE(8,SPEED) BROWSE DEBUG PRINT(.\Listings\m
                    -ain.lst) TABS(2) OBJECT(.\Objects\main.obj)

line level    source

   1          #include "main.h"
   2          #include "C:\hoc\8051\bai_tap\Library\Delay\Delay.h"
   3          #include "C:\hoc\8051\bai_tap\Library\KeyPad 4x4\KeyPad4x4.h"
   4          #include "port.h"
   5          
   6          unsigned char code DIG_CODE[16] = {
   7              0x3f, 0x06, 0x5b, 0x4f, 0x66, 0x6d, 0x7d, 0x07,
   8              0x7f, 0x6f, 0x77, 0x7c, 0x39, 0x5e, 0x79, 0x71
   9          }; // ma led 7 doan tu 0->9 và tu A->F
  10          
  11          char DisplayData[8]; // mang tao du lieu cua 8 led 7 doan
  12          
  13          void DigDisplay()
  14          {
  15   1        unsigned char i;
  16   1        for(i = 0; i < 8; i++)
  17   1        {
  18   2          switch(i)
  19   2          {
  20   3            case(0):
  21   3                LSA = 0; LSB = 0; LSC = 0; break;
  22   3            case(1):
  23   3                LSA = 1; LSB = 0; LSC = 0; break;
  24   3            case(2):
  25   3                LSA = 0; LSB = 1; LSC = 0; break;
  26   3            case(3):
  27   3                LSA = 1; LSB = 1; LSC = 0; break;
  28   3            case(4):
  29   3                LSA = 0; LSB = 0; LSC = 1; break;
  30   3            case(5):
  31   3                LSA = 1; LSB = 0; LSC = 1; break;
  32   3            case(6):
  33   3                LSA = 0; LSB = 1; LSC = 1; break;
  34   3            case(7):
  35   3                LSA = 1; LSB = 1; LSC = 1; break;
  36   3          }
  37   2          //quet led
  38   2          GPIO_DIG = DisplayData[i];
  39   2          Delay_ms(1);
  40   2          GPIO_DIG = 0x00;
  41   2        }
  42   1      }
  43          
  44          void main()
  45          {
  46   1        unsigned char key, keyState = 0, lastKey = 0xFF;
  47   1        while(1)
  48   1        {
  49   2          key = KeyPress();
  50   2      
  51   2          // Kiem tra xem phím có duoc nhan và nha không lan dau tien
  52   2          if(key != 0xFF && lastKey == 0xFF)
  53   2          {
  54   3            keyState = 1;  // Ðánh dau phím dã duoc nhan
C51 COMPILER V9.60.7.0   MAIN                                                              08/30/2024 22:36:57 PAGE 2   

  55   3          }
  56   2          else if(key == 0xFF && lastKey != 0xFF)
  57   2          {
  58   3            keyState = 0;  // Ðánh dau rang phím dã duoc nha
  59   3            // Cap nhat so sau khi phím dã nha
  60   3            DisplayData[7] = DisplayData[6];
  61   3            DisplayData[6] = DisplayData[5];
  62   3            DisplayData[5] = DisplayData[4];
  63   3            DisplayData[4] = DisplayData[3];
  64   3            DisplayData[3] = DisplayData[2];
  65   3            DisplayData[2] = DisplayData[1];
  66   3            DisplayData[1] = DisplayData[0];
  67   3            DisplayData[0] = DIG_CODE[lastKey];
  68   3          }
  69   2          lastKey = key; // Cap nhat trang thái phím cuoi cùng
  70   2          DigDisplay(); // hien thi du lieu lên màn hình
  71   2        }
  72   1      }
  73            


MODULE INFORMATION:   STATIC OVERLAYABLE
   CODE SIZE        =    191    ----
   CONSTANT SIZE    =     16    ----
   XDATA SIZE       =   ----    ----
   PDATA SIZE       =   ----    ----
   DATA SIZE        =      8       4
   IDATA SIZE       =   ----    ----
   BIT SIZE         =   ----    ----
   EDATA SIZE       =   ----    ----
   HDATA SIZE       =   ----    ----
   XDATA CONST SIZE =   ----    ----
   FAR CONST SIZE   =   ----    ----
END OF MODULE INFORMATION.


C51 COMPILATION COMPLETE.  0 WARNING(S),  0 ERROR(S)
