C51 COMPILER V9.60.7.0   MAIN                                                              09/07/2024 22:52:58 PAGE 1   


C51 COMPILER V9.60.7.0, COMPILATION OF MODULE MAIN
OBJECT MODULE PLACED IN .\Objects\main.obj
COMPILER INVOKED BY: C:\hoc\8051\Keil_C_v5\C51\BIN\C51.EXE main.c OPTIMIZE(8,SPEED) BROWSE DEBUG OBJECTEXTEND PRINT(.\Li
                    -stings\main.lst) TABS(2) OBJECT(.\Objects\main.obj)

line level    source

   1          // nhan nut K1 de doi che do, nhan nut K2 de tat toan bo cac che do led
   2          
   3          #include <REGX52.H>
   4          
   5          sbit K1 = P3^1;
   6          sbit K2 = P3^0;
   7          bit flagPress = 0;
   8          
   9          void Delay_ms(unsigned int t)
  10          {
  11   1        unsigned int x,y;
  12   1        for(x=0;x<t;x++)
  13   1        {
  14   2          for(y=0;y<123;y++);
  15   2        }
  16   1      }
  17          
  18          unsigned int check_press()
  19          {
  20   1        unsigned int i;
  21   1        for(i=0; i<50;i++)
  22   1        {
  23   2          Delay_ms(10);
  24   2          if(K1==0)
  25   2          {
  26   3            if(flagPress==0)
  27   3            {
  28   4              flagPress = 1;
  29   4              return 1;
  30   4            }
  31   3          }
  32   2          else
  33   2          {
  34   3            flagPress = 0;
  35   3          }
  36   2        }
  37   1        return 0;
  38   1      }
  39          
  40          void main()
  41          {
  42   1        unsigned int i;
  43   1        while(1)
  44   1        { 
  45   2          if(K1==0)
  46   2          {
  47   3            Delay_ms(20);
  48   3            while(K1==0);
  49   3            while(1)
  50   3            {
  51   4              //che do 1: chop tat led o port 2 - 10 lan
  52   4              P2 = 0xFF;
  53   4              for(i=0; i<10;i++)
  54   4              {
C51 COMPILER V9.60.7.0   MAIN                                                              09/07/2024 22:52:58 PAGE 2   

  55   5                if(K2 == 0)
  56   5                {
  57   6                  Delay_ms(20);
  58   6                  break;
  59   6                }
  60   5                if(check_press()) break;
  61   5                P2 = ~P2;
  62   5              }
  63   4              
  64   4              //che do 2: chop tat led xen ke - 10 lan
  65   4              P2 = 0x55;
  66   4              for(i=0;i<10;i++)
  67   4              {
  68   5                if(K2 == 0)
  69   5                {
  70   6                  Delay_ms(20);
  71   6                  break;
  72   6                }
  73   5                if(check_press()) break;
  74   5                P2 = ~P2;
  75   5              }
  76   4              
  77   4              P2 = 0xF0;
  78   4              for(i=0; i<10; i++)
  79   4              {
  80   5                if(K2 == 0)
  81   5                {
  82   6                  Delay_ms(20);
  83   6                  break;
  84   6                }
  85   5                if(check_press()) break;
  86   5                P2=~P2;
  87   5              }
  88   4              if(K2==0)
  89   4              {
  90   5                Delay_ms(20);
  91   5                break;
  92   5              }
  93   4            }
  94   3          }
  95   2          P2 = 0xFF;
  96   2        }
  97   1      }


MODULE INFORMATION:   STATIC OVERLAYABLE
   CODE SIZE        =    228    ----
   CONSTANT SIZE    =   ----    ----
   XDATA SIZE       =   ----    ----
   PDATA SIZE       =   ----    ----
   DATA SIZE        =   ----       2
   IDATA SIZE       =   ----    ----
   BIT SIZE         =      1    ----
END OF MODULE INFORMATION.


C51 COMPILATION COMPLETE.  0 WARNING(S),  0 ERROR(S)
