C51 COMPILER V9.60.7.0   MAIN                                                              08/28/2024 17:02:34 PAGE 1   


C51 COMPILER V9.60.7.0, COMPILATION OF MODULE MAIN
OBJECT MODULE PLACED IN .\Objects\main.obj
COMPILER INVOKED BY: C:\hoc\8051\Keil_C_v5\C51\BIN\C51.EXE main.c OPTIMIZE(8,SPEED) BROWSE DEBUG OBJECTEXTEND PRINT(.\Li
                    -stings\main.lst) TABS(2) OBJECT(.\Objects\main.obj)

line level    source

   1          
   2          // su dung thu vien LCD 4 bit 2 hang
   3          
   4          #include "main.h"
   5          #include "port.h"
   6          #include "C:\hoc\8051\bai_tap\Library\Delay\Delay.h"
   7          #include "C:\hoc\8051\bai_tap\Library\LCD16x2_4bit\LCD4.h"
   8          
   9          
  10          void main()
  11          {
  12   1        LCD_RW = 0; //KHOI TAO LCD CHE DO GHI
  13   1      
  14   1        Lcd_Init();// khoi tao LCD
  15   1        
  16   1        Lcd_Chr(1, 2, 'A'); //xuat ra ky tu 'A' tai vi tri hang 1 cot 2
  17   1        Lcd_Chr_Cp('B');    // xuat ky tu 'B' tai vi tri cua con tro tren man hinh dang chi toi
  18   1        
  19   1        Delay_ms(5000);
  20   1        Lcd_Cmd(_LCD_CLEAR);//sau 5 giay se xoa trang man hinh va dat con tro ve vi tri ban dau
  21   1        
  22   1        Delay_ms(2000);
  23   1        Lcd_Out_Cp("HELLO"); // xuat chuoi "HELLO" tai vi tri con tro tren man hinh dang chi toi sau 2 giay
  24   1        Lcd_Out(2, 1, "WORLD");//xuat chuoi "WORLD" ra vi tri hang 2 cot 1
  25   1      
  26   1        while(1)
  27   1        {
  28   2        
  29   2        }
  30   1      }


MODULE INFORMATION:   STATIC OVERLAYABLE
   CODE SIZE        =     62    ----
   CONSTANT SIZE    =     12    ----
   XDATA SIZE       =   ----    ----
   PDATA SIZE       =   ----    ----
   DATA SIZE        =   ----    ----
   IDATA SIZE       =   ----    ----
   BIT SIZE         =   ----    ----
END OF MODULE INFORMATION.


C51 COMPILATION COMPLETE.  0 WARNING(S),  0 ERROR(S)
